1782797131 · search · ok · Terry v. Ohio · 7 results
1782797140 · search · ok · Katz v. United States · 95 results
1782797159 · search · ok · Carpenter v. United States · 268 results
1782797168 · search · ok · Riley v. California · 20 results
1782797177 · search · ok · Chimel v. California · 4 results
1782797187 · search · ok · Schneckloth v. Bustamonte · 6 results
1782797208 · search · ok · Maryland v. Pringle · 4 results
1782797225 · search · ok · Brigham City v. Stuart · 4 results
1782797287 · search · ok · Carpenter v. United States (2018 SCOTUS, court=scotus filter) · 2 results (cluster 4510032)
1782797287 · search_document · ok · Carpenter identity check opinion_id=4287285 · 149 matches 'Carpenter'
1782800010 · get_endpoint_item/clusters · ok · Abel v. United States (cluster 106021 → opinion 106021)
1782800010 · search_document · ok · Abel v. United States · abandonment holding p.241 (1 sub-op 502)
1782800010 · read_document · ok · Abel v. United States · star-pagination chunk6
1782800010 · get_endpoint_item/clusters · ok · Aguilar v. Texas (cluster 106865 → opinion 106865)
1782800010 · search_document · ok · Aguilar v. Texas · two-prong test p.114-115
1782800010 · get_endpoint_item/clusters · ok · Alabama v. White (cluster 112454 → opinion 112454)
1782800010 · search_document · ok · Alabama v. White · close-case/totality p.332
1782800010 · search_document · ok · Alabama v. White · RS-standard p.330
1782800010 · read_document · ok · Alabama v. White · star-pagination chunk1
1782800264 · get_endpoint_item/clusters · ok · Almeida-Sanchez v. United States (cluster 108845 → opinion 108845)
1782800264 · search_document · ok · Almeida-Sanchez · functional-equivalent p.272 / roving-patrol holding p.273
1782800264 · get_endpoint_item/clusters · ok · Andresen v. Maryland (cluster 109522 → opinion 109522)
1782800264 · search_document · ok · Andresen · 5A voluntarily-committed p.473
1782800264 · search_document · ok · Andresen · particularity 'other fruits' p.478-480
1782800264 · read_document · ok · Andresen · chunk4 (Warden/Hayden p.483-485)
1782800264 · read_document · ok · Andresen · chunk3 (5A holding p.477 / particularity p.480-482)
1782800705 · get_endpoint_item/clusters · ok · Arizona v. Evans (cluster 117905 → opinion 117905)
1782800705 · search_document · ok · Arizona v. Evans · court-employees holding p.14,16
1782800705 · get_endpoint_item/clusters · ok · Arizona v. Fulminante (cluster 112566 → opinion 112566)
1782800705 · search_document · ok · Arizona v. Fulminante · harmless-error/trial-error p.303,309
1782800705 · search_document · ok · Arizona v. Fulminante · coercion/credible-threat p.287
1782800705 · read_document · ok · Arizona v. Fulminante · chunk2 (coercion p.287-288)
1782800705 · get_endpoint_item/clusters · ok · Arizona v. Gant (cluster 145887 → opinion 145887)
1782800705 · search_document · ok · Arizona v. Gant · two-part holding S.Ct.1723 / U.S.351
1782800705 · get_endpoint_item/clusters · ok · Arizona v. Hicks (cluster 111834 → opinion 111834)
1782800705 · search_document · ok · Arizona v. Hicks · moving=search p.324-325
1782800705 · search_document · ok · Arizona v. Hicks · PC-required holding p.326
1782800985 · get_endpoint_item/clusters · ok · Arizona v. Roberson (cluster 112100 → opinion 112100)
1782800985 · search_document · ok · Arizona v. Roberson · Edwards-not-offense-specific p.683-684
1782800985 · get_endpoint_item/clusters · ok · Ashcraft v. Tennessee (cluster 103981 → opinion 103981)
1782800985 · search_document · ok · Ashcraft v. Tennessee · inherently-coercive p.154-155
1782800985 · get_endpoint_item/clusters · ok · Bailey v. United States (cluster 820749 → opinion 820749)
1782800985 · search_document · ok · Bailey v. United States · immediate-vicinity (slip op., syllabus + p.11)
1782800985 · search_document · ok · Bailey v. United States · 'detention incident...' 0 results
1782800985 · search_document · ok · Bailey v. United States · spatial-constraint holding slip op.13
1782801392 · get_endpoint_item/clusters · ok · Benn v. Lambert (cluster 776954 → opinion 776954)
1782801392 · search_document · ok · Benn v. Lambert · impeachment-Brady ¶58
1782801392 · search_document · ok · Benn v. Lambert · 'components of a true Brady' 0 results
1782801392 · read_document · ok · Benn v. Lambert · chunk0 (paragraph-numbered, no F.3d star pages)
1782801392 · search_document · ok · Benn v. Lambert · Brady three-element standard
1782801392 · get_endpoint_item/clusters · ok · Berghuis v. Thompkins (cluster 147529 → opinion 147529)
1782801392 · search_document · ok · Berghuis · invocation (syllabus + body)
1782801392 · search_document · ok · Berghuis · 'Here he did neither' p.382
1782801392 · search_document · ok · Berghuis · 'waives...uncoerced' 0 results (slip hyphenation)
1782801392 · search_document · ok · Berghuis · 'has not invoked his Miranda rights' 0 results (slip hyphenation)
1782801392 · search_document · ok · Berghuis · uncoerced-statement waiver holding slip op.17
1782801392 · get_endpoint_item/clusters · ok · Berkemer v. McCarty (cluster 111249 → opinion 111249)
1782801392 · search_document · ok · Berkemer · misdemeanor holding p.434
1782801392 · search_document · ok · Berkemer · 'not in custody...' 0 results
1782801392 · search_document · ok · Berkemer · traffic-stop-not-custody holding p.440
1782803373 · analyze_citations · ok · [S4 batch2 idx16-33] · 18/18 verified, all clusters confirmed (name-match warnings are eyecite off-by-one on run-on text)
1782803373 · get_endpoint_item/clusters · ok · Byrd v. United States · cluster 4497658 → opinion 4274911
1782803373 · get_endpoint_item/clusters · ok · Caniglia v. Strom · cluster 4883694 → opinion 4687473
1782803373 · search_document · ok · Board of Education v. Earls · holding p.838 / no-individualized-suspicion p.837
1782803373 · read_document · ok · Board of Education v. Earls · chunk4 (star-pagination *837-*839)
1782803373 · search_document · ok · Boyd v. United States · 'true and ultimate expression of constitutional law' p.626-627
1782803373 · search_document · ok · Brady v. Maryland · 'irrespective of...good faith or bad faith' (no marker in window)
1782803373 · read_document · ok · Brady v. Maryland · chunk4 (*88 follows holding → p.87)
1782803373 · search_document · ok · Brendlin v. California · passenger-seized holding p.251 (label *252 opens Part I)
1782803373 · search_document · ok · Brewer v. Williams · deliberate-elicitation p.399
1782803373 · search_document · ok · Brewer v. Williams · right-attaches rule statement (page resolved below)
1782803373 · read_document · ok · Brewer v. Williams · chunk9 (no marker)
1782803373 · read_document · ok · Brewer v. Williams · chunk8 (*398 → rule statement p.398)
1782803373 · search_document · ok · Brigham City v. Stuart · 'objectively reasonable basis' holding p.400
1782803373 · search_document · ok · Brigham City v. Stuart · 'An action is reasonable...state of mind' 0 results (phrasing variant)
1782803373 · search_document · ok · Brigham City v. Stuart · 'subjective motivation is irrelevant' (page resolved below)
1782803373 · read_document · ok · Brigham City v. Stuart · chunk6 (no marker)
1782803373 · search_document · ok · Brigham City v. Stuart · '*404' marker pos 11965 precedes quote, no intervening marker → p.404
1782803373 · search_document · ok · Brinegar v. United States · 'factual and practical considerations' p.175 / reasonable-caution def p.175-176
1782803373 · search_document · ok · Brown v. Illinois · '...are all relevant' 0 results (phrasing variant)
1782803373 · search_document · ok · Brown v. Illinois · attenuation factors p.603-604 (*604 mid-list)
1782803373 · search_document · ok · Brown v. Mississippi · 'rack and torture chamber' 0 results (not in CL text)
1782803373 · search_document · ok · Brown v. Mississippi · 'more revolting to the sense of justice' p.286 (label *287 follows)
1782803373 · search_document · ok · Byrd v. United States · 'will not defeat...' 0 results (slip-op formatting)
1782803373 · search_document · ok · Byrd v. United States · 'lawful possession or control of a rental car' 0 results (slip-op formatting)
1782803373 · search_document · ok · Byrd v. United States · holding 'Court now holds...general rule' slip op. (opinion) p.2
1782803373 · search_document · ok · Cady v. Dombrowski · community-caretaking definition p.441 (between *441/*442)
1782803373 · search_document · ok · Cady v. Dombrowski · 'vulnerable to intrusion by vandals' holding p.448 (precedes *449)
1782803373 · search_document · ok · California v. Acevedo · 'one rule to govern all automobile searches' p.580 (precedes *581)
1782803373 · search_document · ok · California v. Carney · two justifications p.392-393 (*393 splits)
1782803373 · search_document · ok · California v. Ciraolo · naked-eye 1,000 ft holding p.215 (between *215/*216)
1782803373 · search_document · ok · California v. Greenwood · 'readily accessible to animals...' 0 results (footnote superscripts)
1782803373 · search_document · ok · California v. Greenwood · 'exposed their garbage...' holding p.40 (after *40)
1782803373 · search_document · ok · California v. Hodari D. · 'or, where that is absent' 0 results (italics tags)
1782803373 · search_document · ok · California v. Hodari D. · 'submission to the assertion of authority' 0 results (italics tags)
1782803373 · search_document · ok · California v. Hodari D. · 'seizure occurs even though...does not yield' p.626 (between *626/*627)
1782803373 · search_document · ok · Camara v. Municipal Court · area-inspection PC p.538 (label *538/*539)
1782803373 · search_document · ok · Camara v. Municipal Court · 'traditional safeguards' warrant-requirement p.534 (label *534)
1782803373 · search_document · ok · Caniglia v. Strom · 'goes beyond anything this Court has recognized' slip op.3 / Cady-vehicle-not-home slip op.4
1782803373 · search_document · ok · Caniglia v. Strom · 'creates a standalone doctrine that justifies...' 0 results (phrasing variant)
1782803373 · search_document · ok · Caniglia v. Strom · 'standalone doctrine that justifies warrantless searches' 0 results (phrasing variant)
1782803373 · search_document · ok · Caniglia v. Strom · 'The question today is whether' 0 results (phrasing variant)
